<?xml version="1.0" encoding="UTF-8"?>
<!-- Generated by org.testng.reporters.JUnitReportReporter -->
<testsuite skipped="0" hostname="LAPTOP-2BGIP9DO" name="com.abc.desktop.applications.sample.scripts.Notepad" tests="1" failures="0" timestamp="7 Mar 2021 21:47:40 GMT" time="0.010" errors="0">
  <testcase name="testNotepad" time="0.010" classname="com.abc.desktop.applications.sample.scripts.Notepad"/>
</testsuite> <!-- com.abc.desktop.applications.sample.scripts.Notepad -->
