<?xml version="1.0" encoding="UTF-8"?>
<!-- Generated by org.testng.reporters.JUnitReportReporter -->
<testsuite skipped="0" hostname="LAPTOP-2BGIP9DO" name="com.abc.desktop.applications.calculator.Calculator" tests="1" failures="0" timestamp="10 Mar 2021 02:41:31 GMT" time="5.440" errors="0">
  <testcase name="testLogon" time="5.440" classname="com.abc.desktop.applications.calculator.Calculator"/>
</testsuite> <!-- com.abc.desktop.applications.calculator.Calculator -->
