<?xml version="1.0" encoding="UTF-8"?>
<!-- Generated by org.testng.reporters.JUnitReportReporter -->
<testsuite skipped="0" hostname="LAPTOP-2BGIP9DO" name="com.abc.desktop.applications.FlightsGUI.FlightsGUI" tests="1" failures="0" timestamp="10 Mar 2021 02:43:48 GMT" time="5.422" errors="0">
  <testcase name="testLogon" time="5.422" classname="com.abc.desktop.applications.FlightsGUI.FlightsGUI"/>
</testsuite> <!-- com.abc.desktop.applications.FlightsGUI.FlightsGUI -->
