<?xml version="1.0" encoding="UTF-8"?>
<!-- Generated by org.testng.reporters.JUnitReportReporter -->
<testsuite skipped="0" hostname="LAPTOP-2BGIP9DO" name="com.abc.desktop.applications.sample.scripts.EnterTimeAndData" tests="1" failures="0" timestamp="8 Mar 2021 02:16:25 GMT" time="0.007" errors="0">
  <testcase name="testEnterTimeAndData" time="0.007" classname="com.abc.desktop.applications.sample.scripts.EnterTimeAndData"/>
</testsuite> <!-- com.abc.desktop.applications.sample.scripts.EnterTimeAndData -->
